<?xml version="1.0" encoding="UTF-8"?>
<!-- Generated by org.testng.reporters.JUnitReportReporter -->
<testsuite hostname="DESKTOP-VB8ALPU" failures="0" tests="1" name="tests.TC000_SubmitOrderTest" time="82.073" errors="0" timestamp="2024-09-16T03:56:24 BDT" skipped="0">
  <testcase classname="tests.TC000_SubmitOrderTest" name="submitOrder" time="82.073"/>
</testsuite> <!-- tests.TC000_SubmitOrderTest -->
