<?xml version="1.0" encoding="UTF-8"?>
<!-- Generated by org.testng.reporters.JUnitReportReporter -->
<testsuite hostname="DESKTOP-VB8ALPU" failures="0" tests="1" name="tests.TC007_AddProductToCartTest" time="11.268" errors="0" timestamp="2024-09-12T21:45:46 BDT" skipped="0">
  <testcase classname="tests.TC007_AddProductToCartTest" name="testAddProductToCart" time="11.268"/>
</testsuite> <!-- tests.TC007_AddProductToCartTest -->
