<?xml version="1.0" encoding="UTF-8"?>
<!-- Generated by org.testng.reporters.JUnitReportReporter -->
<testsuite hostname="DESKTOP-VB8ALPU" failures="0" tests="1" name="tests.TC005_AddProductToCartTest" time="29.933" errors="0" timestamp="2024-09-14T22:46:58 BDT" skipped="0">
  <testcase classname="tests.TC005_AddProductToCartTest" name="testAddProductToCart" time="29.933"/>
</testsuite> <!-- tests.TC005_AddProductToCartTest -->
