<?xml version="1.0" encoding="UTF-8"?>
<!-- Generated by org.testng.reporters.JUnitReportReporter -->
<testsuite hostname="DESKTOP-VB8ALPU" failures="0" tests="1" name="tests.TC003_CreateAccountTest" time="15.782" errors="0" timestamp="2024-09-14T22:46:58 BDT" skipped="0">
  <testcase classname="tests.TC003_CreateAccountTest" name="testCreateAccount" time="15.782"/>
</testsuite> <!-- tests.TC003_CreateAccountTest -->
