<?xml version="1.0" encoding="UTF-8"?>
<!-- Generated by org.testng.reporters.JUnitReportReporter -->
<testsuite hostname="DESKTOP-VB8ALPU" failures="0" tests="1" name="tests.TC006_CheckoutProductTest" time="14.776" errors="0" timestamp="2024-09-14T22:46:58 BDT" skipped="0">
  <testcase classname="tests.TC006_CheckoutProductTest" name="testCheckoutProduct" time="14.776"/>
</testsuite> <!-- tests.TC006_CheckoutProductTest -->
