<?xml version="1.0" encoding="UTF-8"?>
<!-- Generated by org.testng.reporters.JUnitReportReporter -->
<testsuite hostname="DESKTOP-VB8ALPU" failures="0" tests="1" name="tests.TC001_LogInTest" time="69.610" errors="0" timestamp="2024-09-16T04:17:00 BDT" skipped="0">
  <testcase classname="tests.TC001_LogInTest" name="loginSubmitOrder" time="69.610"/>
</testsuite> <!-- tests.TC001_LogInTest -->
