<?xml version="1.0" encoding="UTF-8"?>
<!-- Generated by org.testng.reporters.JUnitReportReporter -->
<testsuite hostname="DESKTOP-VB8ALPU" failures="0" tests="1" name="tests.TC007_OrderConfirmationTest" time="13.820" errors="0" timestamp="2024-09-14T22:46:58 BDT" skipped="0">
  <testcase classname="tests.TC007_OrderConfirmationTest" name="testOrderConfirmation" time="13.820"/>
</testsuite> <!-- tests.TC007_OrderConfirmationTest -->
