<?xml version="1.0" encoding="UTF-8"?>
<!-- Generated by org.testng.reporters.JUnitReportReporter -->
<testsuite hostname="DESKTOP-VB8ALPU" failures="0" tests="1" name="tests.TC002_SignUpNavigationTest" time="10.762" errors="0" timestamp="2024-09-14T22:48:29 BDT" skipped="0">
  <testcase classname="tests.TC002_SignUpNavigationTest" name="testNavigateToSignUpPage" time="10.762"/>
</testsuite> <!-- tests.TC002_SignUpNavigationTest -->
