<?xml version="1.0" encoding="UTF-8"?>
<!-- Generated by org.testng.reporters.JUnitReportReporter -->
<testsuite hostname="DESKTOP-VB8ALPU" failures="0" tests="1" name="tests.TC006_SelectProductTest" time="11.600" errors="0" timestamp="2024-09-14T22:48:29 BDT" skipped="0">
  <testcase classname="tests.TC006_SelectProductTest" name="testSelectProduct" time="11.600"/>
</testsuite> <!-- tests.TC006_SelectProductTest -->
