<?xml version="1.0" encoding="UTF-8"?>
<!-- Generated by org.testng.reporters.JUnitReportReporter -->
<testsuite hostname="DESKTOP-VB8ALPU" failures="0" tests="1" name="tests.TC000_SubmitOrderHoverTest" time="98.017" errors="0" timestamp="2024-09-15T23:43:37 BDT" skipped="0">
  <testcase classname="tests.TC000_SubmitOrderHoverTest" name="submitOrderHover" time="98.017"/>
</testsuite> <!-- tests.TC000_SubmitOrderHoverTest -->
