<?xml version="1.0" encoding="UTF-8"?>
<!-- Generated by org.testng.reporters.JUnitReportReporter -->
<testsuite hostname="DESKTOP-VB8ALPU" failures="0" tests="1" name="tests.TC004_CreateAccountSuccessTest" time="4.033" errors="0" timestamp="2024-09-14T22:48:29 BDT" skipped="0">
  <testcase classname="tests.TC004_CreateAccountSuccessTest" name="testClickContinueShopping" time="4.033"/>
</testsuite> <!-- tests.TC004_CreateAccountSuccessTest -->
